#
# There is insufficient memory for the Java Runtime Environment to continue.
# Native memory allocation (malloc) failed to allocate 1632064 bytes. Error detail: Chunk::new
# Possible reasons:
#   The system is out of physical RAM or swap space
#   This process is running with CompressedOops enabled, and the Java Heap may be blocking the growth of the native heap
# Possible solutions:
#   Reduce memory load on the system
#   Increase physical memory or swap space
#   Check if swap backing store is full
#   Decrease Java heap size (-Xmx/-Xms)
#   Decrease number of Java threads
#   Decrease Java thread stack sizes (-Xss)
#   Set larger code cache with -XX:ReservedCodeCacheSize=
#   JVM is running with Unscaled Compressed Oops mode in which the Java heap is
#     placed in the first 4GB address space. The Java Heap base address is the
#     maximum limit for the native heap growth. Please use -XX:HeapBaseMinAddress
#     to set the Java Heap base and to place the Java Heap above 4GB virtual address.
# This output file may be truncated or incomplete.
#
#  Out of Memory Error (arena.cpp:168), pid=19924, tid=22184
#
# JRE version: OpenJDK Runtime Environment Temurin-21.0.6+7 (21.0.6+7) (build 21.0.6+7-LTS)
# Java VM: OpenJDK 64-Bit Server VM Temurin-21.0.6+7 (21.0.6+7-LTS, mixed mode, sharing, tiered, compressed oops, compressed class ptrs, parallel gc, windows-amd64)
# No core dump will be written. Minidumps are not enabled by default on client versions of Windows
#

---------------  S U M M A R Y ------------

Command Line: --add-modules=ALL-SYSTEM --add-opens=java.base/java.util=ALL-UNNAMED --add-opens=java.base/java.lang=ALL-UNNAMED --add-opens=java.base/sun.nio.fs=ALL-UNNAMED -Declipse.application=org.eclipse.jdt.ls.core.id1 -Dosgi.bundles.defaultStartLevel=4 -Declipse.product=org.eclipse.jdt.ls.core.product -Djava.import.generatesMetadataFilesAtProjectRoot=false -DDetectVMInstallationsJob.disabled=true -Dfile.encoding=utf8 -XX:+UseParallelGC -XX:GCTimeRatio=4 -XX:AdaptiveSizePolicyWeight=90 -Dsun.zip.disableMemoryMapping=true -Xmx1G -Xms100m -Xlog:disable -javaagent:c:\Users\hp\.vscode\extensions\redhat.java-1.40.0-win32-x64\lombok\lombok-1.18.36.jar -XX:+HeapDumpOnOutOfMemoryError -XX:HeapDumpPath=c:\Users\hp\AppData\Roaming\Code\User\workspaceStorage\e40fabb1b520c96af6c9168467f857dc\redhat.java -Daether.dependencyCollector.impl=bf c:\Users\hp\.vscode\extensions\redhat.java-1.40.0-win32-x64\server\plugins\org.eclipse.equinox.launcher_1.6.1000.v20250131-0606.jar -configuration c:\Users\hp\AppData\Roaming\Code\User\globalStorage\redhat.java\1.40.0\config_win -data c:\Users\hp\AppData\Roaming\Code\User\workspaceStorage\e40fabb1b520c96af6c9168467f857dc\redhat.java\jdt_ws --pipe=\\.\pipe\lsp-f36f628c6d2b1a85e5d06e6b1e7a30ca-sock

Host: 11th Gen Intel(R) Core(TM) i7-1165G7 @ 2.80GHz, 8 cores, 11G,  Windows 11 , 64 bit Build 26100 (10.0.26100.3037)
Time: Mon Mar  3 17:29:27 2025 SE Asia Standard Time elapsed time: 12.276929 seconds (0d 0h 0m 12s)

---------------  T H R E A D  ---------------

Current thread (0x00000285de92ee00):  JavaThread "C2 CompilerThread1" daemon [_thread_in_native, id=22184, stack(0x000000a0c2100000,0x000000a0c2200000) (1024K)]


Current CompileTask:
C2:12277 3300       4       java.lang.invoke.MethodType::makeImpl (109 bytes)

Stack: [0x000000a0c2100000,0x000000a0c2200000]
Native frames: (J=compiled Java code, j=interpreted, Vv=VM code, C=native code)
V  [jvm.dll+0x6cdee9]
V  [jvm.dll+0x8a83d1]
V  [jvm.dll+0x8aa8fe]
V  [jvm.dll+0x8aafe3]
V  [jvm.dll+0x27f706]
V  [jvm.dll+0xc500d]
V  [jvm.dll+0xc5543]
V  [jvm.dll+0x3b678c]
V  [jvm.dll+0x382935]
V  [jvm.dll+0x381d9a]
V  [jvm.dll+0x2479f0]
V  [jvm.dll+0x246fcf]
V  [jvm.dll+0x1c75ee]
V  [jvm.dll+0x25685a]
V  [jvm.dll+0x254dfa]
V  [jvm.dll+0x3f0256]
V  [jvm.dll+0x851f8b]
V  [jvm.dll+0x6cc5ed]
C  [ucrtbase.dll+0x37b0]
C  [KERNEL32.DLL+0x2e8d7]
C  [ntdll.dll+0xbbf2c]


---------------  P R O C E S S  ---------------

Threads class SMR info:
_java_thread_list=0x00000285deb9af60, length=23, elements={
0x00000285c3e4fb50, 0x00000285c3f0b4c0, 0x00000285c3f0db20, 0x00000285d82062b0,
0x00000285d8206f00, 0x00000285d8207b50, 0x00000285d820a5b0, 0x00000285d820b3e0,
0x00000285d9c0a630, 0x00000285d9ca8870, 0x00000285d9f1ac20, 0x00000285de6de800,
0x00000285deb3df20, 0x00000285deac6720, 0x00000285de9f9a90, 0x00000285decdbca0,
0x00000285d823dff0, 0x00000285dec0c270, 0x00000285de86e510, 0x00000285de92ee00,
0x00000285de86eba0, 0x00000285de86cad0, 0x00000285de86f230
}

Java Threads: ( => current thread )
  0x00000285c3e4fb50 JavaThread "main"                              [_thread_blocked, id=14360, stack(0x000000a0c0400000,0x000000a0c0500000) (1024K)]
  0x00000285c3f0b4c0 JavaThread "Reference Handler"          daemon [_thread_blocked, id=13352, stack(0x000000a0c0800000,0x000000a0c0900000) (1024K)]
  0x00000285c3f0db20 JavaThread "Finalizer"                  daemon [_thread_blocked, id=24932, stack(0x000000a0c0900000,0x000000a0c0a00000) (1024K)]
  0x00000285d82062b0 JavaThread "Signal Dispatcher"          daemon [_thread_blocked, id=20212, stack(0x000000a0c0a00000,0x000000a0c0b00000) (1024K)]
  0x00000285d8206f00 JavaThread "Attach Listener"            daemon [_thread_blocked, id=8564, stack(0x000000a0c0b00000,0x000000a0c0c00000) (1024K)]
  0x00000285d8207b50 JavaThread "Service Thread"             daemon [_thread_blocked, id=19088, stack(0x000000a0c0c00000,0x000000a0c0d00000) (1024K)]
  0x00000285d820a5b0 JavaThread "Monitor Deflation Thread"   daemon [_thread_blocked, id=8448, stack(0x000000a0c0d00000,0x000000a0c0e00000) (1024K)]
  0x00000285d820b3e0 JavaThread "C2 CompilerThread0"         daemon [_thread_blocked, id=23228, stack(0x000000a0c0e00000,0x000000a0c0f00000) (1024K)]
  0x00000285d9c0a630 JavaThread "C1 CompilerThread0"         daemon [_thread_in_native, id=20944, stack(0x000000a0c0f00000,0x000000a0c1000000) (1024K)]
  0x00000285d9ca8870 JavaThread "Common-Cleaner"             daemon [_thread_blocked, id=2260, stack(0x000000a0c1000000,0x000000a0c1100000) (1024K)]
  0x00000285d9f1ac20 JavaThread "Notification Thread"        daemon [_thread_blocked, id=26444, stack(0x000000a0c1200000,0x000000a0c1300000) (1024K)]
  0x00000285de6de800 JavaThread "Active Thread: Equinox Container: fdce5758-9d66-44f0-a2ed-707bb303179d"        [_thread_blocked, id=26772, stack(0x000000a0c1800000,0x000000a0c1900000) (1024K)]
  0x00000285deb3df20 JavaThread "Refresh Thread: Equinox Container: fdce5758-9d66-44f0-a2ed-707bb303179d" daemon [_thread_blocked, id=26732, stack(0x000000a0c1b00000,0x000000a0c1c00000) (1024K)]
  0x00000285deac6720 JavaThread "Framework Event Dispatcher: Equinox Container: fdce5758-9d66-44f0-a2ed-707bb303179d" daemon [_thread_blocked, id=3600, stack(0x000000a0c1d00000,0x000000a0c1e00000) (1024K)]
  0x00000285de9f9a90 JavaThread "Start Level: Equinox Container: fdce5758-9d66-44f0-a2ed-707bb303179d" daemon [_thread_in_Java, id=17604, stack(0x000000a0c1e00000,0x000000a0c1f00000) (1024K)]
  0x00000285decdbca0 JavaThread "Bundle File Closer"         daemon [_thread_blocked, id=26920, stack(0x000000a0c1a00000,0x000000a0c1b00000) (1024K)]
  0x00000285d823dff0 JavaThread "SCR Component Actor"        daemon [_thread_blocked, id=26996, stack(0x000000a0c1900000,0x000000a0c1a00000) (1024K)]
  0x00000285dec0c270 JavaThread "SCR Component Registry"     daemon [_thread_blocked, id=25952, stack(0x000000a0c1f00000,0x000000a0c2000000) (1024K)]
  0x00000285de86e510 JavaThread "Worker-JM"                         [_thread_blocked, id=1676, stack(0x000000a0c2000000,0x000000a0c2100000) (1024K)]
=>0x00000285de92ee00 JavaThread "C2 CompilerThread1"         daemon [_thread_in_native, id=22184, stack(0x000000a0c2100000,0x000000a0c2200000) (1024K)]
  0x00000285de86eba0 JavaThread "JNA Cleaner"                daemon [_thread_blocked, id=7300, stack(0x000000a0c2200000,0x000000a0c2300000) (1024K)]
  0x00000285de86cad0 JavaThread "Worker-0: Checking project encoding"        [_thread_blocked, id=2096, stack(0x000000a0c2300000,0x000000a0c2400000) (1024K)]
  0x00000285de86f230 JavaThread "Worker-1"                          [_thread_blocked, id=16444, stack(0x000000a0c2400000,0x000000a0c2500000) (1024K)]
Total: 23

Other Threads:
  0x00000285c3eefbb0 VMThread "VM Thread"                           [id=21680, stack(0x000000a0c0700000,0x000000a0c0800000) (1024K)]
  0x00000285c3eb98a0 WatcherThread "VM Periodic Task Thread"        [id=11008, stack(0x000000a0c0600000,0x000000a0c0700000) (1024K)]
  0x00000285c3e6ce50 WorkerThread "GC Thread#0"                     [id=9996, stack(0x000000a0c0500000,0x000000a0c0600000) (1024K)]
  0x00000285d9edcb20 WorkerThread "GC Thread#1"                     [id=26892, stack(0x000000a0c1100000,0x000000a0c1200000) (1024K)]
  0x00000285d9ea1bb0 WorkerThread "GC Thread#2"                     [id=21940, stack(0x000000a0c1300000,0x000000a0c1400000) (1024K)]
  0x00000285de94dc90 WorkerThread "GC Thread#3"                     [id=22192, stack(0x000000a0c1400000,0x000000a0c1500000) (1024K)]
  0x00000285de94e030 WorkerThread "GC Thread#4"                     [id=27540, stack(0x000000a0c1500000,0x000000a0c1600000) (1024K)]
  0x00000285de94e3d0 WorkerThread "GC Thread#5"                     [id=11448, stack(0x000000a0c1600000,0x000000a0c1700000) (1024K)]
  0x00000285de94e770 WorkerThread "GC Thread#6"                     [id=26348, stack(0x000000a0c1700000,0x000000a0c1800000) (1024K)]
  0x00000285dec0e990 WorkerThread "GC Thread#7"                     [id=23524, stack(0x000000a0c1c00000,0x000000a0c1d00000) (1024K)]
Total: 10

Threads with active compile tasks:
C1 CompilerThread0  12318 3521       3       org.objectweb.asm.MethodVisitor::visitVarInsn (17 bytes)
C2 CompilerThread1  12318 3300       4       java.lang.invoke.MethodType::makeImpl (109 bytes)
Total: 2

VM state: not at safepoint (normal execution)

VM Mutex/Monitor currently owned by a thread: None

Heap address: 0x00000000c0000000, size: 1024 MB, Compressed Oops mode: 32-bit

CDS archive(s) mapped at: [0x0000028580000000-0x0000028580ba0000-0x0000028580ba0000), size 12189696, SharedBaseAddress: 0x0000028580000000, ArchiveRelocationMode: 1.
Compressed class space mapped at: 0x0000028581000000-0x00000285c1000000, reserved size: 1073741824
Narrow klass base: 0x0000028580000000, Narrow klass shift: 0, Narrow klass range: 0x100000000

GC Precious Log:
 CardTable entry size: 512
 CPUs: 8 total, 8 available
 Memory: 11930M
 Large Page Support: Disabled
 NUMA Support: Disabled
 Compressed Oops: Enabled (32-bit)
 Alignments: Space 512K, Generation 512K, Heap 2M
 Heap Min Capacity: 100M
 Heap Initial Capacity: 100M
 Heap Max Capacity: 1G
 Pre-touch: Disabled
 Parallel Workers: 8

Heap:
 PSYoungGen      total 29184K, used 18444K [0x00000000eab00000, 0x00000000ecf80000, 0x0000000100000000)
  eden space 25088K, 57% used [0x00000000eab00000,0x00000000eb907330,0x00000000ec380000)
  from space 4096K, 99% used [0x00000000ec400000,0x00000000ec7fbdd8,0x00000000ec800000)
  to   space 6144K, 0% used [0x00000000ec980000,0x00000000ec980000,0x00000000ecf80000)
 ParOldGen       total 68608K, used 8006K [0x00000000c0000000, 0x00000000c4300000, 0x00000000eab00000)
  object space 68608K, 11% used [0x00000000c0000000,0x00000000c07d1918,0x00000000c4300000)
 Metaspace       used 18030K, committed 18752K, reserved 1114112K
  class space    used 1804K, committed 2112K, reserved 1048576K

Card table byte_map: [0x00000285c37f0000,0x00000285c3a00000] _byte_map_base: 0x00000285c31f0000

Marking Bits: (ParMarkBitMap*) 0x00007ff80ae33260
 Begin Bits: [0x00000285d6040000, 0x00000285d7040000)
 End Bits:   [0x00000285d7040000, 0x00000285d8040000)

Polling page: 0x00000285c1c60000

Metaspace:

Usage:
  Non-class:     15.85 MB used.
      Class:      1.76 MB used.
       Both:     17.61 MB used.

Virtual space:
  Non-class space:       64.00 MB reserved,      16.25 MB ( 25%) committed,  1 nodes.
      Class space:        1.00 GB reserved,       2.12 MB ( <1%) committed,  1 nodes.
             Both:        1.06 GB reserved,      18.38 MB (  2%) committed. 

Chunk freelists:
   Non-Class:  15.67 MB
       Class:  13.87 MB
        Both:  29.54 MB

MaxMetaspaceSize: unlimited
CompressedClassSpaceSize: 1.00 GB
Initial GC threshold: 21.00 MB
Current GC threshold: 21.00 MB
CDS: on
 - commit_granule_bytes: 65536.
 - commit_granule_words: 8192.
 - virtual_space_node_default_size: 8388608.
 - enlarge_chunks_in_place: 1.
 - use_allocation_guard: 0.


Internal statistics:

num_allocs_failed_limit: 0.
num_arena_births: 552.
num_arena_deaths: 0.
num_vsnodes_births: 2.
num_vsnodes_deaths: 0.
num_space_committed: 295.
num_space_uncommitted: 0.
num_chunks_returned_to_freelist: 0.
num_chunks_taken_from_freelist: 1235.
num_chunk_merges: 0.
num_chunk_splits: 780.
num_chunks_enlarged: 483.
num_inconsistent_stats: 0.

CodeHeap 'non-profiled nmethods': size=120000Kb used=1567Kb max_used=1567Kb free=118432Kb
 bounds [0x00000285ceb10000, 0x00000285ced80000, 0x00000285d6040000]
CodeHeap 'profiled nmethods': size=120000Kb used=7146Kb max_used=7146Kb free=112853Kb
 bounds [0x00000285c7040000, 0x00000285c7740000, 0x00000285ce570000]
CodeHeap 'non-nmethods': size=5760Kb used=1280Kb max_used=1297Kb free=4479Kb
 bounds [0x00000285ce570000, 0x00000285ce7e0000, 0x00000285ceb10000]
 total_blobs=4061 nmethods=3515 adapters=452
 compilation: enabled
              stopped_count=0, restarted_count=0
 full_count=0

Compilation events (20 events):
Event: 11.263 Thread 0x00000285d9c0a630 3415       1       org.objectweb.asm.tree.InsnList::size (5 bytes)
Event: 11.263 Thread 0x00000285d9c0a630 nmethod 3415 0x00000285cec8f810 code [0x00000285cec8f9a0, 0x00000285cec8fa68]
Event: 11.263 Thread 0x00000285d9c0a630 3418       3       org.objectweb.asm.tree.LabelNode::accept (9 bytes)
Event: 11.263 Thread 0x00000285d9c0a630 nmethod 3418 0x00000285c770ed10 code [0x00000285c770eee0, 0x00000285c770f2a8]
Event: 11.263 Thread 0x00000285d9c0a630 3419       3       org.objectweb.asm.MethodVisitor::visitLabel (16 bytes)
Event: 11.263 Thread 0x00000285d9c0a630 nmethod 3419 0x00000285c770f410 code [0x00000285c770f5c0, 0x00000285c770f7c8]
Event: 11.265 Thread 0x00000285d9c0a630 3420       3       org.objectweb.asm.ByteVector::<init> (13 bytes)
Event: 11.265 Thread 0x00000285d9c0a630 nmethod 3420 0x00000285c770f890 code [0x00000285c770fa40, 0x00000285c770fc60]
Event: 11.266 Thread 0x00000285d820b3e0 3421  s    4       java.io.ByteArrayOutputStream::write (43 bytes)
Event: 11.267 Thread 0x00000285d9c0a630 3422       3       java.util.zip.Inflater::inflate (9 bytes)
Event: 11.268 Thread 0x00000285d9c0a630 nmethod 3422 0x00000285c770fd10 code [0x00000285c770fec0, 0x00000285c7710020]
Event: 11.268 Thread 0x00000285d9c0a630 3424       3       org.objectweb.asm.MethodVisitor::<init> (79 bytes)
Event: 11.268 Thread 0x00000285d9c0a630 nmethod 3424 0x00000285c7710110 code [0x00000285c7710360, 0x00000285c7710c10]
Event: 11.269 Thread 0x00000285d9c0a630 3425       3       org.objectweb.asm.commons.LocalVariablesSorter::remap (118 bytes)
Event: 11.269 Thread 0x00000285d9c0a630 nmethod 3425 0x00000285c7710f10 code [0x00000285c7711120, 0x00000285c7711750]
Event: 11.269 Thread 0x00000285d9c0a630 3426       3       org.objectweb.asm.ClassReader::readClass (7 bytes)
Event: 11.270 Thread 0x00000285d9c0a630 nmethod 3426 0x00000285c7711a10 code [0x00000285c7711c00, 0x00000285c7711f50]
Event: 11.270 Thread 0x00000285d9c0a630 3428       3       org.objectweb.asm.Frame::getAbstractTypeFromDescriptor (432 bytes)
Event: 12.271 Thread 0x00000285d9c0a630 nmethod 3428 0x00000285c7712110 code [0x00000285c7712600, 0x00000285c7714be8]
Event: 12.272 Thread 0x00000285d9c0a630 3430       3       org.objectweb.asm.Type::getArgumentTypes (94 bytes)

GC Heap History (10 events):
Event: 2.571 GC heap before
{Heap before GC invocations=1 (full 0):
 PSYoungGen      total 29696K, used 25600K [0x00000000eab00000, 0x00000000ecc00000, 0x0000000100000000)
  eden space 25600K, 100% used [0x00000000eab00000,0x00000000ec400000,0x00000000ec400000)
  from space 4096K, 0% used [0x00000000ec800000,0x00000000ec800000,0x00000000ecc00000)
  to   space 4096K, 0% used [0x00000000ec400000,0x00000000ec400000,0x00000000ec800000)
 ParOldGen       total 68608K, used 0K [0x00000000c0000000, 0x00000000c4300000, 0x00000000eab00000)
  object space 68608K, 0% used [0x00000000c0000000,0x00000000c0000000,0x00000000c4300000)
 Metaspace       used 4331K, committed 4544K, reserved 1114112K
  class space    used 435K, committed 512K, reserved 1048576K
}
Event: 2.581 GC heap after
{Heap after GC invocations=1 (full 0):
 PSYoungGen      total 29696K, used 3173K [0x00000000eab00000, 0x00000000ecc00000, 0x0000000100000000)
  eden space 25600K, 0% used [0x00000000eab00000,0x00000000eab00000,0x00000000ec400000)
  from space 4096K, 77% used [0x00000000ec400000,0x00000000ec7197f0,0x00000000ec800000)
  to   space 4096K, 0% used [0x00000000ec800000,0x00000000ec800000,0x00000000ecc00000)
 ParOldGen       total 68608K, used 16K [0x00000000c0000000, 0x00000000c4300000, 0x00000000eab00000)
  object space 68608K, 0% used [0x00000000c0000000,0x00000000c0004000,0x00000000c4300000)
 Metaspace       used 4331K, committed 4544K, reserved 1114112K
  class space    used 435K, committed 512K, reserved 1048576K
}
Event: 4.639 GC heap before
{Heap before GC invocations=2 (full 0):
 PSYoungGen      total 29696K, used 28773K [0x00000000eab00000, 0x00000000ecc00000, 0x0000000100000000)
  eden space 25600K, 100% used [0x00000000eab00000,0x00000000ec400000,0x00000000ec400000)
  from space 4096K, 77% used [0x00000000ec400000,0x00000000ec7197f0,0x00000000ec800000)
  to   space 4096K, 0% used [0x00000000ec800000,0x00000000ec800000,0x00000000ecc00000)
 ParOldGen       total 68608K, used 16K [0x00000000c0000000, 0x00000000c4300000, 0x00000000eab00000)
  object space 68608K, 0% used [0x00000000c0000000,0x00000000c0004000,0x00000000c4300000)
 Metaspace       used 7912K, committed 8192K, reserved 1114112K
  class space    used 774K, committed 896K, reserved 1048576K
}
Event: 4.648 GC heap after
{Heap after GC invocations=2 (full 0):
 PSYoungGen      total 29696K, used 4068K [0x00000000eab00000, 0x00000000ecc00000, 0x0000000100000000)
  eden space 25600K, 0% used [0x00000000eab00000,0x00000000eab00000,0x00000000ec400000)
  from space 4096K, 99% used [0x00000000ec800000,0x00000000ecbf9158,0x00000000ecc00000)
  to   space 4096K, 0% used [0x00000000ec400000,0x00000000ec400000,0x00000000ec800000)
 ParOldGen       total 68608K, used 1658K [0x00000000c0000000, 0x00000000c4300000, 0x00000000eab00000)
  object space 68608K, 2% used [0x00000000c0000000,0x00000000c019ebe8,0x00000000c4300000)
 Metaspace       used 7912K, committed 8192K, reserved 1114112K
  class space    used 774K, committed 896K, reserved 1048576K
}
Event: 5.614 GC heap before
{Heap before GC invocations=3 (full 0):
 PSYoungGen      total 29696K, used 29668K [0x00000000eab00000, 0x00000000ecc00000, 0x0000000100000000)
  eden space 25600K, 100% used [0x00000000eab00000,0x00000000ec400000,0x00000000ec400000)
  from space 4096K, 99% used [0x00000000ec800000,0x00000000ecbf9158,0x00000000ecc00000)
  to   space 4096K, 0% used [0x00000000ec400000,0x00000000ec400000,0x00000000ec800000)
 ParOldGen       total 68608K, used 1658K [0x00000000c0000000, 0x00000000c4300000, 0x00000000eab00000)
  object space 68608K, 2% used [0x00000000c0000000,0x00000000c019ebe8,0x00000000c4300000)
 Metaspace       used 9127K, committed 9472K, reserved 1114112K
  class space    used 912K, committed 1088K, reserved 1048576K
}
Event: 5.625 GC heap after
{Heap after GC invocations=3 (full 0):
 PSYoungGen      total 29696K, used 4080K [0x00000000eab00000, 0x00000000ecc00000, 0x0000000100000000)
  eden space 25600K, 0% used [0x00000000eab00000,0x00000000eab00000,0x00000000ec400000)
  from space 4096K, 99% used [0x00000000ec400000,0x00000000ec7fc1b8,0x00000000ec800000)
  to   space 4096K, 0% used [0x00000000ec800000,0x00000000ec800000,0x00000000ecc00000)
 ParOldGen       total 68608K, used 5678K [0x00000000c0000000, 0x00000000c4300000, 0x00000000eab00000)
  object space 68608K, 8% used [0x00000000c0000000,0x00000000c058bb78,0x00000000c4300000)
 Metaspace       used 9127K, committed 9472K, reserved 1114112K
  class space    used 912K, committed 1088K, reserved 1048576K
}
Event: 8.186 GC heap before
{Heap before GC invocations=4 (full 0):
 PSYoungGen      total 29696K, used 29680K [0x00000000eab00000, 0x00000000ecc00000, 0x0000000100000000)
  eden space 25600K, 100% used [0x00000000eab00000,0x00000000ec400000,0x00000000ec400000)
  from space 4096K, 99% used [0x00000000ec400000,0x00000000ec7fc1b8,0x00000000ec800000)
  to   space 4096K, 0% used [0x00000000ec800000,0x00000000ec800000,0x00000000ecc00000)
 ParOldGen       total 68608K, used 5678K [0x00000000c0000000, 0x00000000c4300000, 0x00000000eab00000)
  object space 68608K, 8% used [0x00000000c0000000,0x00000000c058bb78,0x00000000c4300000)
 Metaspace       used 12437K, committed 12864K, reserved 1114112K
  class space    used 1229K, committed 1472K, reserved 1048576K
}
Event: 8.194 GC heap after
{Heap after GC invocations=4 (full 0):
 PSYoungGen      total 29696K, used 4082K [0x00000000eab00000, 0x00000000ecc00000, 0x0000000100000000)
  eden space 25600K, 0% used [0x00000000eab00000,0x00000000eab00000,0x00000000ec400000)
  from space 4096K, 99% used [0x00000000ec800000,0x00000000ecbfc9e0,0x00000000ecc00000)
  to   space 4096K, 0% used [0x00000000ec400000,0x00000000ec400000,0x00000000ec800000)
 ParOldGen       total 68608K, used 6533K [0x00000000c0000000, 0x00000000c4300000, 0x00000000eab00000)
  object space 68608K, 9% used [0x00000000c0000000,0x00000000c0661798,0x00000000c4300000)
 Metaspace       used 12437K, committed 12864K, reserved 1114112K
  class space    used 1229K, committed 1472K, reserved 1048576K
}
Event: 10.026 GC heap before
{Heap before GC invocations=5 (full 0):
 PSYoungGen      total 29696K, used 29682K [0x00000000eab00000, 0x00000000ecc00000, 0x0000000100000000)
  eden space 25600K, 100% used [0x00000000eab00000,0x00000000ec400000,0x00000000ec400000)
  from space 4096K, 99% used [0x00000000ec800000,0x00000000ecbfc9e0,0x00000000ecc00000)
  to   space 4096K, 0% used [0x00000000ec400000,0x00000000ec400000,0x00000000ec800000)
 ParOldGen       total 68608K, used 6533K [0x00000000c0000000, 0x00000000c4300000, 0x00000000eab00000)
  object space 68608K, 9% used [0x00000000c0000000,0x00000000c0661798,0x00000000c4300000)
 Metaspace       used 16307K, committed 16960K, reserved 1114112K
  class space    used 1600K, committed 1856K, reserved 1048576K
}
Event: 11.030 GC heap after
{Heap after GC invocations=5 (full 0):
 PSYoungGen      total 29184K, used 4079K [0x00000000eab00000, 0x00000000ecf80000, 0x0000000100000000)
  eden space 25088K, 0% used [0x00000000eab00000,0x00000000eab00000,0x00000000ec380000)
  from space 4096K, 99% used [0x00000000ec400000,0x00000000ec7fbdd8,0x00000000ec800000)
  to   space 6144K, 0% used [0x00000000ec980000,0x00000000ec980000,0x00000000ecf80000)
 ParOldGen       total 68608K, used 8006K [0x00000000c0000000, 0x00000000c4300000, 0x00000000eab00000)
  object space 68608K, 11% used [0x00000000c0000000,0x00000000c07d1918,0x00000000c4300000)
 Metaspace       used 16307K, committed 16960K, reserved 1114112K
  class space    used 1600K, committed 1856K, reserved 1048576K
}

Dll operation events (10 events):
Event: 0.158 Loaded shared library c:\Users\hp\.vscode\extensions\redhat.java-1.40.0-win32-x64\jre\21.0.6-win32-x86_64\bin\java.dll
Event: 0.882 Loaded shared library c:\Users\hp\.vscode\extensions\redhat.java-1.40.0-win32-x64\jre\21.0.6-win32-x86_64\bin\zip.dll
Event: 0.933 Loaded shared library C:\Users\hp\.vscode\extensions\redhat.java-1.40.0-win32-x64\jre\21.0.6-win32-x86_64\bin\instrument.dll
Event: 0.942 Loaded shared library C:\Users\hp\.vscode\extensions\redhat.java-1.40.0-win32-x64\jre\21.0.6-win32-x86_64\bin\net.dll
Event: 0.946 Loaded shared library C:\Users\hp\.vscode\extensions\redhat.java-1.40.0-win32-x64\jre\21.0.6-win32-x86_64\bin\nio.dll
Event: 0.962 Loaded shared library C:\Users\hp\.vscode\extensions\redhat.java-1.40.0-win32-x64\jre\21.0.6-win32-x86_64\bin\zip.dll
Event: 1.085 Loaded shared library C:\Users\hp\.vscode\extensions\redhat.java-1.40.0-win32-x64\jre\21.0.6-win32-x86_64\bin\jimage.dll
Event: 1.307 Loaded shared library c:\Users\hp\.vscode\extensions\redhat.java-1.40.0-win32-x64\jre\21.0.6-win32-x86_64\bin\verify.dll
Event: 4.619 Loaded shared library C:\Users\hp\AppData\Roaming\Code\User\globalStorage\redhat.java\1.40.0\config_win\org.eclipse.equinox.launcher\org.eclipse.equinox.launcher.win32.win32.x86_64_1.2.1200.v20250212-0927\eclipse_11909.dll
Event: 10.023 Loaded shared library C:\Users\hp\AppData\Local\Temp\jna-3336\jna5440951874216508851.dll

Deoptimization events (20 events):
Event: 9.751 Thread 0x00000285de9f9a90 Uncommon trap: trap_request=0xffffff45 fr.pc=0x00000285cec7ae28 relative=0x0000000000000168
Event: 9.751 Thread 0x00000285de9f9a90 Uncommon trap: reason=unstable_if action=reinterpret pc=0x00000285cec7ae28 method=java.io.DataInputStream.readFully([BII)V @ 37 c2
Event: 9.751 Thread 0x00000285de9f9a90 DEOPT PACKING pc=0x00000285cec7ae28 sp=0x000000a0c1ef9400
Event: 9.751 Thread 0x00000285de9f9a90 DEOPT UNPACKING pc=0x00000285ce5c6da2 sp=0x000000a0c1ef9390 mode 2
Event: 9.812 Thread 0x00000285de9f9a90 Uncommon trap: trap_request=0xffffff45 fr.pc=0x00000285ceb471a0 relative=0x0000000000000680
Event: 9.812 Thread 0x00000285de9f9a90 Uncommon trap: reason=unstable_if action=reinterpret pc=0x00000285ceb471a0 method=java.lang.String.replace(Ljava/lang/CharSequence;Ljava/lang/CharSequence;)Ljava/lang/String; @ 42 c2
Event: 9.812 Thread 0x00000285de9f9a90 DEOPT PACKING pc=0x00000285ceb471a0 sp=0x000000a0c1ef7500
Event: 9.812 Thread 0x00000285de9f9a90 DEOPT UNPACKING pc=0x00000285ce5c6da2 sp=0x000000a0c1ef7480 mode 2
Event: 11.073 Thread 0x00000285de9f9a90 Uncommon trap: trap_request=0xffffffc6 fr.pc=0x00000285ceb99948 relative=0x0000000000000a48
Event: 11.073 Thread 0x00000285de9f9a90 Uncommon trap: reason=bimorphic_or_optimized_type_check action=maybe_recompile pc=0x00000285ceb99948 method=java.util.HashMap.putVal(ILjava/lang/Object;Ljava/lang/Object;ZZ)Ljava/lang/Object; @ 91 c2
Event: 11.073 Thread 0x00000285de9f9a90 DEOPT PACKING pc=0x00000285ceb99948 sp=0x000000a0c1ef7bc0
Event: 11.073 Thread 0x00000285de9f9a90 DEOPT UNPACKING pc=0x00000285ce5c6da2 sp=0x000000a0c1ef7ae8 mode 2
Event: 11.097 Thread 0x00000285de9f9a90 Uncommon trap: trap_request=0xffffff45 fr.pc=0x00000285cec6d624 relative=0x0000000000000084
Event: 11.097 Thread 0x00000285de9f9a90 Uncommon trap: reason=unstable_if action=reinterpret pc=0x00000285cec6d624 method=java.lang.ref.SoftReference.get()Ljava/lang/Object; @ 6 c2
Event: 11.097 Thread 0x00000285de9f9a90 DEOPT PACKING pc=0x00000285cec6d624 sp=0x000000a0c1ef9680
Event: 11.097 Thread 0x00000285de9f9a90 DEOPT UNPACKING pc=0x00000285ce5c6da2 sp=0x000000a0c1ef9618 mode 2
Event: 11.117 Thread 0x00000285de86cad0 Uncommon trap: trap_request=0xffffff45 fr.pc=0x00000285cebfe1e0 relative=0x00000000000000c0
Event: 11.117 Thread 0x00000285de86cad0 Uncommon trap: reason=unstable_if action=reinterpret pc=0x00000285cebfe1e0 method=java.util.concurrent.locks.ReentrantLock$NonfairSync.initialTryLock()Z @ 25 c2
Event: 11.117 Thread 0x00000285de86cad0 DEOPT PACKING pc=0x00000285cebfe1e0 sp=0x000000a0c23fe030
Event: 11.117 Thread 0x00000285de86cad0 DEOPT UNPACKING pc=0x00000285ce5c6da2 sp=0x000000a0c23fdfb0 mode 2

Classes loaded (20 events):
Event: 11.092 Loading class java/lang/ThreadDeath
Event: 11.092 Loading class java/lang/ThreadDeath done
Event: 11.100 Loading class java/io/DataOutputStream
Event: 11.100 Loading class java/io/DataOutputStream done
Event: 11.102 Loading class java/util/stream/SortedOps$SizedRefSortingSink
Event: 11.102 Loading class java/util/stream/SortedOps$SizedRefSortingSink done
Event: 11.128 Loading class java/util/concurrent/atomic/Striped64$1
Event: 11.128 Loading class java/util/concurrent/atomic/Striped64$1 done
Event: 11.210 Loading class java/util/BitSet
Event: 11.211 Loading class java/util/BitSet done
Event: 11.220 Loading class sun/net/www/protocol/jrt/JavaRuntimeURLConnection
Event: 11.220 Loading class sun/net/www/protocol/jrt/JavaRuntimeURLConnection done
Event: 11.221 Loading class sun/net/www/protocol/jrt/JavaRuntimeURLConnection$1
Event: 11.221 Loading class sun/net/www/protocol/jrt/JavaRuntimeURLConnection$1 done
Event: 11.247 Loading class java/util/function/UnaryOperator
Event: 11.247 Loading class java/util/function/UnaryOperator done
Event: 11.250 Loading class java/util/ServiceConfigurationError
Event: 11.250 Loading class java/util/ServiceConfigurationError done
Event: 11.263 Loading class java/lang/InheritableThreadLocal
Event: 11.264 Loading class java/lang/InheritableThreadLocal done

Classes unloaded (0 events):
No events

Classes redefined (0 events):
No events

Internal exceptions (20 events):
Event: 9.659 Thread 0x00000285de9f9a90 Exception <a 'java/io/FileNotFoundException'{0x00000000ebb7ffa8}> (0x00000000ebb7ffa8) 
thrown [s\src\hotspot\share\prims\jni.cpp, line 520]
Event: 9.660 Thread 0x00000285de9f9a90 Exception <a 'java/io/FileNotFoundException'{0x00000000ebb878a8}> (0x00000000ebb878a8) 
thrown [s\src\hotspot\share\prims\jni.cpp, line 520]
Event: 9.730 Thread 0x00000285de9f9a90 Exception <a 'java/lang/NoSuchMethodError'{0x00000000ebe75660}: 'java.lang.Object java.lang.invoke.DirectMethodHandle$Holder.newInvokeSpecial(java.lang.Object, java.lang.Object, java.lang.Object, java.lang.Object, java.lang.Object)'> (0x00000000ebe75660) 
thrown [s\src\hotspot\share\interpreter\linkResolver.cpp, line 773]
Event: 9.774 Thread 0x00000285de9f9a90 Exception <a 'java/lang/NoSuchMethodError'{0x00000000ec01b408}: 'java.lang.Object java.lang.invoke.DirectMethodHandle$Holder.invokeStaticInit(java.lang.Object, int)'> (0x00000000ec01b408) 
thrown [s\src\hotspot\share\interpreter\linkResolver.cpp, line 773]
Event: 9.816 Thread 0x00000285de9f9a90 Exception <a 'java/lang/NoSuchMethodError'{0x00000000ec287c98}: 'java.lang.Object java.lang.invoke.DirectMethodHandle$Holder.invokeStaticInit(java.lang.Object, int, int, int, int)'> (0x00000000ec287c98) 
thrown [s\src\hotspot\share\interpreter\linkResolver.cpp, line 773]
Event: 9.847 Thread 0x00000285de9f9a90 Exception <a 'java/lang/NoSuchMethodError'{0x00000000ec3e1fb0}: 'java.lang.Object java.lang.invoke.DirectMethodHandle$Holder.invokeStaticInit(java.lang.Object, java.lang.Object, int, int, int, int)'> (0x00000000ec3e1fb0) 
thrown [s\src\hotspot\share\interpreter\linkResolver.cpp, line 773]
Event: 11.054 Thread 0x00000285de9f9a90 Exception <a 'java/lang/NoSuchMethodError'{0x00000000eac1e528}: 'void java.lang.invoke.DirectMethodHandle$Holder.invokeSpecial(java.lang.Object, java.lang.Object, java.lang.Object, int)'> (0x00000000eac1e528) 
thrown [s\src\hotspot\share\interpreter\linkResolver.cpp, line 773]
Event: 11.055 Thread 0x00000285de9f9a90 Exception <a 'java/lang/NoSuchMethodError'{0x00000000eac21eb8}: 'void java.lang.invoke.DelegatingMethodHandle$Holder.reinvoke_L(java.lang.Object, java.lang.Object, int)'> (0x00000000eac21eb8) 
thrown [s\src\hotspot\share\interpreter\linkResolver.cpp, line 773]
Event: 11.055 Thread 0x00000285de9f9a90 Exception <a 'java/lang/NoSuchMethodError'{0x00000000eac28bf0}: 'int java.lang.invoke.Invokers$Holder.invokeExact_MT(java.lang.Object, java.lang.Object, java.lang.Object)'> (0x00000000eac28bf0) 
thrown [s\src\hotspot\share\interpreter\linkResolver.cpp, line 773]
Event: 11.075 Thread 0x00000285de9f9a90 Exception <a 'java/lang/NoSuchMethodError'{0x00000000ead47120}: 'void java.lang.invoke.Invokers$Holder.invokeExact_MT(java.lang.Object, java.lang.Object, int, java.lang.Object)'> (0x00000000ead47120) 
thrown [s\src\hotspot\share\interpreter\linkResolver.cpp, line 773]
Event: 11.090 Thread 0x00000285de9f9a90 Exception <a 'java/lang/NoSuchMethodError'{0x00000000eae4d990}: 'java.lang.Object java.lang.invoke.DirectMethodHandle$Holder.invokeSpecial(java.lang.Object, java.lang.Object, java.lang.Object, long, java.lang.Object)'> (0x00000000eae4d990) 
thrown [s\src\hotspot\share\interpreter\linkResolver.cpp, line 773]
Event: 11.091 Thread 0x00000285de9f9a90 Exception <a 'java/lang/NoSuchMethodError'{0x00000000eae55120}: 'java.lang.Object java.lang.invoke.DirectMethodHandle$Holder.newInvokeSpecial(java.lang.Object, java.lang.Object, java.lang.Object, long)'> (0x00000000eae55120) 
thrown [s\src\hotspot\share\interpreter\linkResolver.cpp, line 773]
Event: 11.091 Thread 0x00000285de9f9a90 Exception <a 'java/lang/NoSuchMethodError'{0x00000000eae58da0}: 'java.lang.Object java.lang.invoke.Invokers$Holder.linkToTargetMethod(java.lang.Object, java.lang.Object, long, java.lang.Object)'> (0x00000000eae58da0) 
thrown [s\src\hotspot\share\interpreter\linkResolver.cpp, line 773]
Event: 11.099 Thread 0x00000285de9f9a90 Exception <a 'java/lang/NoSuchMethodError'{0x00000000eaec4ea8}: 'int java.lang.invoke.DirectMethodHandle$Holder.invokeStaticInit(java.lang.Object, java.lang.Object, java.lang.Object)'> (0x00000000eaec4ea8) 
thrown [s\src\hotspot\share\interpreter\linkResolver.cpp, line 773]
Event: 11.111 Thread 0x00000285de9f9a90 Exception <a 'java/lang/IncompatibleClassChangeError'{0x00000000eaf80b90}: Found class java.lang.Object, but interface was expected> (0x00000000eaf80b90) 
thrown [s\src\hotspot\share\interpreter\linkResolver.cpp, line 840]
Event: 11.113 Thread 0x00000285de9f9a90 Exception <a 'java/lang/NoSuchMethodError'{0x00000000eaf8fdd8}: 'java.lang.Object java.lang.invoke.DirectMethodHandle$Holder.invokeSpecial(java.lang.Object, java.lang.Object, java.lang.Object, int, java.lang.Object, java.lang.Object)'> (0x00000000eaf8fdd8) 
thrown [s\src\hotspot\share\interpreter\linkResolver.cpp, line 773]
Event: 11.114 Thread 0x00000285de9f9a90 Exception <a 'java/lang/NoSuchMethodError'{0x00000000eaf97670}: 'java.lang.Object java.lang.invoke.DirectMethodHandle$Holder.newInvokeSpecial(java.lang.Object, java.lang.Object, java.lang.Object, int, java.lang.Object)'> (0x00000000eaf97670) 
thrown [s\src\hotspot\share\interpreter\linkResolver.cpp, line 773]
Event: 11.114 Thread 0x00000285de9f9a90 Exception <a 'java/lang/NoSuchMethodError'{0x00000000eaf9b160}: 'java.lang.Object java.lang.invoke.Invokers$Holder.linkToTargetMethod(java.lang.Object, java.lang.Object, int, java.lang.Object, java.lang.Object)'> (0x00000000eaf9b160) 
thrown [s\src\hotspot\share\interpreter\linkResolver.cpp, line 773]
Event: 11.115 Thread 0x00000285de86cad0 Exception <a 'java/lang/NoSuchMethodError'{0x00000000eaeec5d8}: 'java.lang.Object java.lang.invoke.DirectMethodHandle$Holder.invokeSpecial(java.lang.Object, java.lang.Object, int, java.lang.Object, java.lang.Object)'> (0x00000000eaeec5d8) 
thrown [s\src\hotspot\share\interpreter\linkResolver.cpp, line 773]
Event: 11.131 Thread 0x00000285de9f9a90 Exception <a 'java/lang/NoSuchMethodError'{0x00000000eb09ca20}: 'void java.lang.invoke.DirectMethodHandle$Holder.invokeSpecial(java.lang.Object, java.lang.Object, java.lang.Object, java.lang.Object, java.lang.Object)'> (0x00000000eb09ca20) 
thrown [s\src\hotspot\share\interpreter\linkResolver.cpp, line 773]

ZGC Phase Switch (0 events):
No events

VM Operations (20 events):
Event: 8.186 Executing VM operation: ParallelGCFailedAllocation (Allocation Failure)
Event: 8.195 Executing VM operation: ParallelGCFailedAllocation (Allocation Failure) done
Event: 9.195 Executing VM operation: Cleanup
Event: 9.475 Executing VM operation: Cleanup done
Event: 9.672 Executing VM operation: HandshakeAllThreads (Deoptimize)
Event: 9.672 Executing VM operation: HandshakeAllThreads (Deoptimize) done
Event: 9.783 Executing VM operation: HandshakeAllThreads (Deoptimize)
Event: 9.783 Executing VM operation: HandshakeAllThreads (Deoptimize) done
Event: 9.837 Executing VM operation: HandshakeAllThreads (Deoptimize)
Event: 9.837 Executing VM operation: HandshakeAllThreads (Deoptimize) done
Event: 10.025 Executing VM operation: ParallelGCFailedAllocation (Allocation Failure)
Event: 11.030 Executing VM operation: ParallelGCFailedAllocation (Allocation Failure) done
Event: 11.040 Executing VM operation: HandshakeAllThreads (Deoptimize)
Event: 11.040 Executing VM operation: HandshakeAllThreads (Deoptimize) done
Event: 11.222 Executing VM operation: HandshakeAllThreads (Deoptimize)
Event: 11.222 Executing VM operation: HandshakeAllThreads (Deoptimize) done
Event: 11.269 Executing VM operation: HandshakeAllThreads (Deoptimize)
Event: 11.269 Executing VM operation: HandshakeAllThreads (Deoptimize) done
Event: 12.268 Executing VM operation: Cleanup
Event: 12.272 Executing VM operation: Cleanup done

Memory protections (0 events):
No events

Nmethod flushes (0 events):
No events

Events (20 events):
Event: 3.673 Thread 0x00000285d9c0a630 Thread added: 0x00000285de20e760
Event: 4.022 Thread 0x00000285de20e760 Thread exited: 0x00000285de20e760
Event: 4.055 Thread 0x00000285c3e4fb50 Thread added: 0x00000285de6de800
Event: 4.497 Thread 0x00000285d9c0a630 Thread added: 0x00000285dea1d1d0
Event: 4.578 Thread 0x00000285dea1d1d0 Thread added: 0x00000285deb81800
Event: 4.593 Thread 0x00000285c3e4fb50 Thread added: 0x00000285deb3df20
Event: 4.665 Thread 0x00000285deb3df20 Thread added: 0x00000285deac6720
Event: 4.673 Thread 0x00000285c3e4fb50 Thread added: 0x00000285de9f9a90
Event: 4.696 Thread 0x00000285deb81800 Thread exited: 0x00000285deb81800
Event: 5.370 Thread 0x00000285de9f9a90 Thread added: 0x00000285decdbca0
Event: 5.768 Thread 0x00000285dea1d1d0 Thread exited: 0x00000285dea1d1d0
Event: 6.981 Thread 0x00000285de9f9a90 Thread added: 0x00000285d823dff0
Event: 7.220 Thread 0x00000285de9f9a90 Thread added: 0x00000285dec0c270
Event: 8.352 Thread 0x00000285d9c0a630 Thread added: 0x00000285ded1efd0
Event: 9.478 Thread 0x00000285ded1efd0 Thread exited: 0x00000285ded1efd0
Event: 9.492 Thread 0x00000285de9f9a90 Thread added: 0x00000285de86e510
Event: 9.642 Thread 0x00000285d9c0a630 Thread added: 0x00000285de92ee00
Event: 11.062 Thread 0x00000285de9f9a90 Thread added: 0x00000285de86eba0
Event: 11.094 Thread 0x00000285de9f9a90 Thread added: 0x00000285de86cad0
Event: 11.116 Thread 0x00000285de9f9a90 Thread added: 0x00000285de86f230


Dynamic libraries:
0x00007ff63adc0000 - 0x00007ff63adce000 	c:\Users\hp\.vscode\extensions\redhat.java-1.40.0-win32-x64\jre\21.0.6-win32-x86_64\bin\java.exe
0x00007ff8ae760000 - 0x00007ff8ae9c3000 	C:\WINDOWS\SYSTEM32\ntdll.dll
0x00007ff8ad840000 - 0x00007ff8ad907000 	C:\WINDOWS\System32\KERNEL32.DLL
0x00007ff8abfc0000 - 0x00007ff8ac387000 	C:\WINDOWS\System32\KERNELBASE.dll
0x00007ff8ac3c0000 - 0x00007ff8ac50c000 	C:\WINDOWS\System32\ucrtbase.dll
0x00007ff88d4c0000 - 0x00007ff88d4de000 	c:\Users\hp\.vscode\extensions\redhat.java-1.40.0-win32-x64\jre\21.0.6-win32-x86_64\bin\VCRUNTIME140.dll
0x00007ff88ef80000 - 0x00007ff88ef98000 	c:\Users\hp\.vscode\extensions\redhat.java-1.40.0-win32-x64\jre\21.0.6-win32-x86_64\bin\jli.dll
0x00007ff8ada80000 - 0x00007ff8adc49000 	C:\WINDOWS\System32\USER32.dll
0x00007ff8ac390000 - 0x00007ff8ac3b7000 	C:\WINDOWS\System32\win32u.dll
0x00007ff88e4c0000 - 0x00007ff88e750000 	C:\WINDOWS\WinSxS\amd64_microsoft.windows.common-controls_6595b64144ccf1df_6.0.26100.3037_none_3e09262ce333c378\COMCTL32.dll
0x00007ff8ad220000 - 0x00007ff8ad2c9000 	C:\WINDOWS\System32\msvcrt.dll
0x00007ff8ac660000 - 0x00007ff8ac68a000 	C:\WINDOWS\System32\GDI32.dll
0x00007ff8abd10000 - 0x00007ff8abe3b000 	C:\WINDOWS\System32\gdi32full.dll
0x00007ff8abb00000 - 0x00007ff8abba3000 	C:\WINDOWS\System32\msvcp_win.dll
0x00007ff8ac620000 - 0x00007ff8ac64f000 	C:\WINDOWS\System32\IMM32.DLL
0x00007ff8a5fc0000 - 0x00007ff8a5fcc000 	c:\Users\hp\.vscode\extensions\redhat.java-1.40.0-win32-x64\jre\21.0.6-win32-x86_64\bin\vcruntime140_1.dll
0x00007ff872dd0000 - 0x00007ff872e5d000 	c:\Users\hp\.vscode\extensions\redhat.java-1.40.0-win32-x64\jre\21.0.6-win32-x86_64\bin\msvcp140.dll
0x00007ff80a180000 - 0x00007ff80af10000 	c:\Users\hp\.vscode\extensions\redhat.java-1.40.0-win32-x64\jre\21.0.6-win32-x86_64\bin\server\jvm.dll
0x00007ff8ad2f0000 - 0x00007ff8ad3a4000 	C:\WINDOWS\System32\ADVAPI32.dll
0x00007ff8acbc0000 - 0x00007ff8acc66000 	C:\WINDOWS\System32\sechost.dll
0x00007ff8ad0a0000 - 0x00007ff8ad1b6000 	C:\WINDOWS\System32\RPCRT4.dll
0x00007ff8ac7a0000 - 0x00007ff8ac814000 	C:\WINDOWS\System32\WS2_32.dll
0x00007ff8ab990000 - 0x00007ff8ab9de000 	C:\WINDOWS\SYSTEM32\POWRPROF.dll
0x00007ff8a24a0000 - 0x00007ff8a24d6000 	C:\WINDOWS\SYSTEM32\WINMM.dll
0x00007ff8996f0000 - 0x00007ff8996fb000 	C:\WINDOWS\SYSTEM32\VERSION.dll
0x00007ff8ab970000 - 0x00007ff8ab984000 	C:\WINDOWS\SYSTEM32\UMPDC.dll
0x00007ff8aa890000 - 0x00007ff8aa8aa000 	C:\WINDOWS\SYSTEM32\kernel.appcore.dll
0x00007ff8a5ac0000 - 0x00007ff8a5aca000 	c:\Users\hp\.vscode\extensions\redhat.java-1.40.0-win32-x64\jre\21.0.6-win32-x86_64\bin\jimage.dll
0x00007ff8a9270000 - 0x00007ff8a94b1000 	C:\WINDOWS\SYSTEM32\DBGHELP.DLL
0x00007ff8acc70000 - 0x00007ff8acfee000 	C:\WINDOWS\System32\combase.dll
0x00007ff8ad910000 - 0x00007ff8ad9e6000 	C:\WINDOWS\System32\OLEAUT32.dll
0x00007ff88b020000 - 0x00007ff88b059000 	C:\WINDOWS\SYSTEM32\dbgcore.DLL
0x00007ff8abbb0000 - 0x00007ff8abc49000 	C:\WINDOWS\System32\bcryptPrimitives.dll
0x00007ff890bd0000 - 0x00007ff890bdf000 	c:\Users\hp\.vscode\extensions\redhat.java-1.40.0-win32-x64\jre\21.0.6-win32-x86_64\bin\instrument.dll
0x00007ff88cfe0000 - 0x00007ff88cfff000 	c:\Users\hp\.vscode\extensions\redhat.java-1.40.0-win32-x64\jre\21.0.6-win32-x86_64\bin\java.dll
0x00007ff8ade20000 - 0x00007ff8ae524000 	C:\WINDOWS\System32\SHELL32.dll
0x00007ff8a97d0000 - 0x00007ff8aa007000 	C:\WINDOWS\SYSTEM32\windows.storage.dll
0x00007ff8ac920000 - 0x00007ff8aca09000 	C:\WINDOWS\System32\SHCORE.dll
0x00007ff8ada20000 - 0x00007ff8ada7d000 	C:\WINDOWS\System32\shlwapi.dll
0x00007ff8aba10000 - 0x00007ff8aba3e000 	C:\WINDOWS\SYSTEM32\profapi.dll
0x00007ff884b60000 - 0x00007ff884b78000 	c:\Users\hp\.vscode\extensions\redhat.java-1.40.0-win32-x64\jre\21.0.6-win32-x86_64\bin\zip.dll
0x00007ff890bb0000 - 0x00007ff890bc0000 	C:\Users\hp\.vscode\extensions\redhat.java-1.40.0-win32-x64\jre\21.0.6-win32-x86_64\bin\net.dll
0x00007ff8a1f60000 - 0x00007ff8a207e000 	C:\WINDOWS\SYSTEM32\WINHTTP.dll
0x00007ff8aae40000 - 0x00007ff8aaeaa000 	C:\WINDOWS\system32\mswsock.dll
0x00007ff887720000 - 0x00007ff887736000 	C:\Users\hp\.vscode\extensions\redhat.java-1.40.0-win32-x64\jre\21.0.6-win32-x86_64\bin\nio.dll
0x00007ff890a10000 - 0x00007ff890a20000 	c:\Users\hp\.vscode\extensions\redhat.java-1.40.0-win32-x64\jre\21.0.6-win32-x86_64\bin\verify.dll
0x00007ff8749a0000 - 0x00007ff8749e5000 	C:\Users\hp\AppData\Roaming\Code\User\globalStorage\redhat.java\1.40.0\config_win\org.eclipse.equinox.launcher\org.eclipse.equinox.launcher.win32.win32.x86_64_1.2.1200.v20250212-0927\eclipse_11909.dll
0x00007ff8aca20000 - 0x00007ff8acbb5000 	C:\WINDOWS\System32\ole32.dll
0x00007ff8ab0e0000 - 0x00007ff8ab0fc000 	C:\WINDOWS\SYSTEM32\CRYPTSP.dll
0x00007ff8aa8b0000 - 0x00007ff8aa8e8000 	C:\WINDOWS\system32\rsaenh.dll
0x00007ff8aaee0000 - 0x00007ff8aaf0b000 	C:\WINDOWS\SYSTEM32\USERENV.dll
0x00007ff8ab320000 - 0x00007ff8ab346000 	C:\WINDOWS\SYSTEM32\bcrypt.dll
0x00007ff8ab100000 - 0x00007ff8ab10c000 	C:\WINDOWS\SYSTEM32\CRYPTBASE.dll
0x00007ff8aa3d0000 - 0x00007ff8aa402000 	C:\WINDOWS\SYSTEM32\IPHLPAPI.DLL
0x00007ff8ad2e0000 - 0x00007ff8ad2ea000 	C:\WINDOWS\System32\NSI.dll
0x00007ff871cf0000 - 0x00007ff871d39000 	C:\Users\hp\AppData\Local\Temp\jna-3336\jna5440951874216508851.dll
0x00007ff8ad2d0000 - 0x00007ff8ad2d8000 	C:\WINDOWS\System32\PSAPI.DLL

dbghelp: loaded successfully - version: 4.0.5 - missing functions: none
symbol engine: initialized successfully - sym options: 0x614 - pdb path: .;c:\Users\hp\.vscode\extensions\redhat.java-1.40.0-win32-x64\jre\21.0.6-win32-x86_64\bin;C:\WINDOWS\SYSTEM32;C:\WINDOWS\WinSxS\amd64_microsoft.windows.common-controls_6595b64144ccf1df_6.0.26100.3037_none_3e09262ce333c378;c:\Users\hp\.vscode\extensions\redhat.java-1.40.0-win32-x64\jre\21.0.6-win32-x86_64\bin\server;C:\Users\hp\AppData\Roaming\Code\User\globalStorage\redhat.java\1.40.0\config_win\org.eclipse.equinox.launcher\org.eclipse.equinox.launcher.win32.win32.x86_64_1.2.1200.v20250212-0927;C:\Users\hp\AppData\Local\Temp\jna-3336

VM Arguments:
jvm_args: --add-modules=ALL-SYSTEM --add-opens=java.base/java.util=ALL-UNNAMED --add-opens=java.base/java.lang=ALL-UNNAMED --add-opens=java.base/sun.nio.fs=ALL-UNNAMED -Declipse.application=org.eclipse.jdt.ls.core.id1 -Dosgi.bundles.defaultStartLevel=4 -Declipse.product=org.eclipse.jdt.ls.core.product -Djava.import.generatesMetadataFilesAtProjectRoot=false -DDetectVMInstallationsJob.disabled=true -Dfile.encoding=utf8 -XX:+UseParallelGC -XX:GCTimeRatio=4 -XX:AdaptiveSizePolicyWeight=90 -Dsun.zip.disableMemoryMapping=true -Xmx1G -Xms100m -Xlog:disable -javaagent:c:\Users\hp\.vscode\extensions\redhat.java-1.40.0-win32-x64\lombok\lombok-1.18.36.jar -XX:+HeapDumpOnOutOfMemoryError -XX:HeapDumpPath=c:\Users\hp\AppData\Roaming\Code\User\workspaceStorage\e40fabb1b520c96af6c9168467f857dc\redhat.java -Daether.dependencyCollector.impl=bf 
java_command: c:\Users\hp\.vscode\extensions\redhat.java-1.40.0-win32-x64\server\plugins\org.eclipse.equinox.launcher_1.6.1000.v20250131-0606.jar -configuration c:\Users\hp\AppData\Roaming\Code\User\globalStorage\redhat.java\1.40.0\config_win -data c:\Users\hp\AppData\Roaming\Code\User\workspaceStorage\e40fabb1b520c96af6c9168467f857dc\redhat.java\jdt_ws --pipe=\\.\pipe\lsp-f36f628c6d2b1a85e5d06e6b1e7a30ca-sock
java_class_path (initial): c:\Users\hp\.vscode\extensions\redhat.java-1.40.0-win32-x64\server\plugins\org.eclipse.equinox.launcher_1.6.1000.v20250131-0606.jar
Launcher Type: SUN_STANDARD

[Global flags]
    uintx AdaptiveSizePolicyWeight                 = 90                                        {product} {command line}
     intx CICompilerCount                          = 4                                         {product} {ergonomic}
    uintx GCTimeRatio                              = 4                                         {product} {command line}
     bool HeapDumpOnOutOfMemoryError               = true                                   {manageable} {command line}
    ccstr HeapDumpPath                             = c:\Users\hp\AppData\Roaming\Code\User\workspaceStorage\e40fabb1b520c96af6c9168467f857dc\redhat.java         {manageable} {command line}
   size_t InitialHeapSize                          = 104857600                                 {product} {command line}
   size_t MaxHeapSize                              = 1073741824                                {product} {command line}
   size_t MaxNewSize                               = 357564416                                 {product} {ergonomic}
   size_t MinHeapDeltaBytes                        = 524288                                    {product} {ergonomic}
   size_t MinHeapSize                              = 104857600                                 {product} {command line}
   size_t NewSize                                  = 34603008                                  {product} {ergonomic}
    uintx NonNMethodCodeHeapSize                   = 5839372                                {pd product} {ergonomic}
    uintx NonProfiledCodeHeapSize                  = 122909434                              {pd product} {ergonomic}
   size_t OldSize                                  = 70254592                                  {product} {ergonomic}
    uintx ProfiledCodeHeapSize                     = 122909434                              {pd product} {ergonomic}
    uintx ReservedCodeCacheSize                    = 251658240                              {pd product} {ergonomic}
     bool SegmentedCodeCache                       = true                                      {product} {ergonomic}
   size_t SoftMaxHeapSize                          = 1073741824                             {manageable} {ergonomic}
     bool UseCompressedOops                        = true                           {product lp64_product} {ergonomic}
     bool UseLargePagesIndividualAllocation        = false                                  {pd product} {ergonomic}
     bool UseParallelGC                            = true                                      {product} {command line}

Logging:
Log output configuration:
 #0: stdout all=off uptime,level,tags foldmultilines=false
 #1: stderr all=off uptime,level,tags foldmultilines=false

Environment Variables:
JAVA_HOME=C:\Program Files\Java\jdk-22
PATH=C:\Program Files\Common Files\Oracle\Java\javapath;C:\WINDOWS\system32;C:\WINDOWS;C:\WINDOWS\System32\Wbem;C:\WINDOWS\System32\WindowsPowerShell\v1.0\;C:\WINDOWS\System32\OpenSSH\;C:\Program Files\Microsoft SQL Server\150\Tools\Binn\;C:\Program Files\Microsoft SQL Server\Client SDK\ODBC\170\Tools\Binn\;C:\Program Files\dotnet\;C:\Program Files\Java\jdk-22\bin;C:\Program Files (x86)\Microsoft SQL Server\160\Tools\Binn\;C:\Program Files\Microsoft SQL Server\160\Tools\Binn\;C:\Program Files\Microsoft SQL Server\160\DTS\Binn\;C:\Program Files (x86)\Microsoft SQL Server\160\DTS\Binn\;C:\Program Files\Git\cmd;C:\Program Files\Java\apache-maven-3.9.9-bin\apache-maven-3.9.9\bin;;C:\Program Files\Docker\Docker\resources\bin;C:\Program Files\nodejs\;C:\Users\hp\AppData\Local\Microsoft\WindowsApps;C:\Users\hp\.dotnet\tools;C:\Users\hp\AppData\Local\Programs\Microsoft VS Code\bin;E:\JetBrainsIntelliJ IDEA 2021.1.3\IntelliJ IDEA 2021.1.3\bin;;C:\Users\hp\AppData\Roaming\npm
USERNAME=hp
OS=Windows_NT
PROCESSOR_IDENTIFIER=Intel64 Family 6 Model 140 Stepping 1, GenuineIntel
TMP=C:\Users\hp\AppData\Local\Temp
TEMP=C:\Users\hp\AppData\Local\Temp




Periodic native trim disabled

---------------  S Y S T E M  ---------------

OS:
 Windows 11 , 64 bit Build 26100 (10.0.26100.3037)
OS uptime: 0 days 21:48 hours
Hyper-V role detected

CPU: total 8 (initial active 8) (4 cores per cpu, 2 threads per core) family 6 model 140 stepping 1 microcode 0xb4, cx8, cmov, fxsr, ht, mmx, 3dnowpref, sse, sse2, sse3, ssse3, sse4.1, sse4.2, popcnt, lzcnt, tsc, tscinvbit, avx, avx2, aes, erms, clmul, bmi1, bmi2, adx, avx512f, avx512dq, avx512cd, avx512bw, avx512vl, sha, fma, vzeroupper, avx512_vpopcntdq, avx512_vpclmulqdq, avx512_vaes, avx512_vnni, clflush, clflushopt, clwb, avx512_vbmi2, avx512_vbmi, hv, rdtscp, rdpid, fsrm, gfni, avx512_bitalg, f16c, cet_ibt, cet_ss, avx512_ifma
Processor Information for processor 0
  Max Mhz: 2701, Current Mhz: 2701, Mhz Limit: 2701
Processor Information for processor 1
  Max Mhz: 2701, Current Mhz: 2701, Mhz Limit: 2701
Processor Information for processor 2
  Max Mhz: 2701, Current Mhz: 2701, Mhz Limit: 2701
Processor Information for processor 3
  Max Mhz: 2701, Current Mhz: 1200, Mhz Limit: 2701
Processor Information for processor 4
  Max Mhz: 2701, Current Mhz: 2701, Mhz Limit: 2701
Processor Information for processor 5
  Max Mhz: 2701, Current Mhz: 2701, Mhz Limit: 2701
Processor Information for processor 6
  Max Mhz: 2701, Current Mhz: 2701, Mhz Limit: 2701
Processor Information for processor 7
  Max Mhz: 2701, Current Mhz: 2701, Mhz Limit: 2701

Memory: 4k page, system-wide physical 11930M (1279M free)
TotalPageFile size 31930M (AvailPageFile size 47M)
current process WorkingSet (physical memory assigned to process): 134M, peak: 134M
current process commit charge ("private bytes"): 241M, peak: 242M

vm_info: OpenJDK 64-Bit Server VM (21.0.6+7-LTS) for windows-amd64 JRE (21.0.6+7-LTS), built on 2025-01-21T00:00:00Z by "admin" with MS VC++ 17.7 (VS2022)

END.
